<?xml version="1.0" encoding="UTF-8"?>
<!-- Generated by org.testng.reporters.JUnitReportReporter -->
<testsuite hostname="VA.local" failures="0" tests="1" name="tests.LoginTest" time="4.338" errors="0" timestamp="2025-10-07T19:47:32 ICT" skipped="0">
  <testcase classname="tests.LoginTest" name="test_valid_login" time="4.338"/>
</testsuite> <!-- tests.LoginTest -->
